<?xml version="1.0" encoding="UTF-8"?>
<!-- Generated by org.testng.reporters.JUnitReportReporter -->
<testsuite skipped="0" hostname="LAPTOP-IQRS1K8T" name="restAssuredBDD.Demo1_Get_Request" tests="1" failures="0" timestamp="2019-10-10T18:08:34 EDT" time="2.168" errors="0">
  <testcase name="getWeatherDetails" time="2.168" classname="restAssuredBDD.Demo1_Get_Request"/>
</testsuite> <!-- restAssuredBDD.Demo1_Get_Request -->
