<?xml version="1.0" encoding="UTF-8"?>
<!-- Generated by org.testng.reporters.JUnitReportReporter -->
<testsuite skipped="0" hostname="LAPTOP-IQRS1K8T" name="restAssuredBDD.Demo2_post_Request" tests="1" failures="0" timestamp="2019-10-10T19:25:44 EDT" time="1.667" errors="0">
  <testcase name="testPost" time="1.667" classname="restAssuredBDD.Demo2_post_Request"/>
</testsuite> <!-- restAssuredBDD.Demo2_post_Request -->
