<?xml version="1.0" encoding="UTF-8"?>
<!-- Generated by org.testng.reporters.JUnitReportReporter -->
<testsuite skipped="0" hostname="LAPTOP-IQRS1K8T" name="restAssuredBDD.Demo3_Put_Request" tests="1" failures="0" timestamp="2019-10-10T23:42:19 EDT" time="1.824" errors="0">
  <testcase name="testPut" time="1.824" classname="restAssuredBDD.Demo3_Put_Request"/>
</testsuite> <!-- restAssuredBDD.Demo3_Put_Request -->
