<?xml version="1.0" encoding="UTF-8"?>
<!-- Generated by org.testng.reporters.JUnitReportReporter -->
<testsuite skipped="0" hostname="LAPTOP-IQRS1K8T" name="restAssuredBDD.Demo6_BasicValidation_Xml" tests="5" failures="0" timestamp="2019-10-11T20:25:49 EDT" time="4.475" errors="0">
  <testcase name="TestSingleContent" time="2.792" classname="restAssuredBDD.Demo6_BasicValidation_Xml"/>
  <testcase name="TestMultipleContent" time="0.503" classname="restAssuredBDD.Demo6_BasicValidation_Xml"/>
  <testcase name="ContentInOneGo" time="0.329" classname="restAssuredBDD.Demo6_BasicValidation_Xml"/>
  <testcase name="TestUsingXpath" time="0.360" classname="restAssuredBDD.Demo6_BasicValidation_Xml"/>
  <testcase name="TestUsingXpath2" time="0.491" classname="restAssuredBDD.Demo6_BasicValidation_Xml"/>
</testsuite> <!-- restAssuredBDD.Demo6_BasicValidation_Xml -->
