<?xml version="1.0" encoding="UTF-8"?>
<!-- Generated by org.testng.reporters.JUnitReportReporter -->
<testsuite skipped="0" hostname="LAPTOP-IQRS1K8T" name="restAssuredBDD.Demo4_Demo" tests="1" failures="0" timestamp="2019-10-11T05:26:44 EDT" time="1.907" errors="0">
  <testcase name="deleteEmployee" time="1.907" classname="restAssuredBDD.Demo4_Demo"/>
</testsuite> <!-- restAssuredBDD.Demo4_Demo -->
