<?xml version="1.0" encoding="UTF-8"?>
<!-- Generated by org.testng.reporters.JUnitReportReporter -->
<testsuite skipped="0" hostname="LAPTOP-IQRS1K8T" name="restAssuredBDD.Demo5_Basic_validation_JSON" tests="4" failures="0" timestamp="2019-10-11T11:19:15 EDT" time="3.943" errors="0">
  <testcase name="testStutuscode" time="1.930" classname="restAssuredBDD.Demo5_Basic_validation_JSON"/>
  <testcase name="Testlogging" time="0.326" classname="restAssuredBDD.Demo5_Basic_validation_JSON"/>
  <testcase name="testSingleContent" time="0.696" classname="restAssuredBDD.Demo5_Basic_validation_JSON"/>
  <testcase name="testMultipleContent" time="0.991" classname="restAssuredBDD.Demo5_Basic_validation_JSON"/>
</testsuite> <!-- restAssuredBDD.Demo5_Basic_validation_JSON -->
